<?xml version="1.0" encoding="UTF-8"?>
<testsuite name="org.example.chess.board.BoardScoreManagerTest" tests="3" skipped="0" failures="0" errors="0" timestamp="2024-06-28T02:04:50" hostname="woowatech24ui-MacBookPro.local" time="0.007">
  <properties/>
  <testcase name="sortPiecesByScoreAscendigOrder()" classname="org.example.chess.board.BoardScoreManagerTest" time="0.002"/>
  <testcase name="calculatePoint()" classname="org.example.chess.board.BoardScoreManagerTest" time="0.002"/>
  <testcase name="sortPiecesByScoreDescendingOrder()" classname="org.example.chess.board.BoardScoreManagerTest" time="0.001"/>
  <system-out><![CDATA[?[31m  a b c d e f g h?[0m
?[31m8?[0m . K R . . . . . ?[31m8?[0m
?[31m7?[0m . . . . . . . . ?[31m7?[0m
?[31m6?[0m . P . . Q . . . ?[31m6?[0m
?[31m5?[0m . . . . . . . . ?[31m5?[0m
?[31m4?[0m . . . . . . . . ?[31m4?[0m
?[31m3?[0m . . . . . p . . ?[31m3?[0m
?[31m2?[0m . . . . . p p . ?[31m2?[0m
?[31m1?[0m . . . . r k . . ?[31m1?[0m
?[31m  a b c d e f g h?[0m
]]></system-out>
  <system-err><![CDATA[]]></system-err>
</testsuite>
