<?xml version="1.0" encoding="UTF-8"?>
<testsuite name="chess.ChessGameTest" tests="1" skipped="0" failures="0" errors="0" timestamp="2024-06-26T02:08:41" hostname="woowatech02-MacBook-Pro.local" time="0.027">
  <properties/>
  <testcase name="move()" classname="chess.ChessGameTest" time="0.027"/>
  <system-out><![CDATA[]]></system-out>
  <system-err><![CDATA[]]></system-err>
</testsuite>
