<?xml version="1.0" encoding="UTF-8"?>
<testsuite name="org.example.chess.pieces.PieceTest" tests="2" skipped="0" failures="0" errors="0" timestamp="2024-06-28T02:04:50" hostname="woowatech24ui-MacBookPro.local" time="0.001">
  <properties/>
  <testcase name="말의 색깔을 구분할 수 있다" classname="org.example.chess.pieces.PieceTest" time="0.0"/>
  <testcase name="팩토리 메서드를 통해 모든 기물 생성" classname="org.example.chess.pieces.PieceTest" time="0.001"/>
  <system-out><![CDATA[]]></system-out>
  <system-err><![CDATA[]]></system-err>
</testsuite>
